\BOOKMARK [0][-]{chapter*.3}{\376\377\000\315\000n\000d\000i\000c\000e\000\040\000d\000e\000\040\000f\000i\000g\000u\000r\000a\000s}{}% 1
\BOOKMARK [0][-]{chapter*.4}{\376\377\000\315\000n\000d\000i\000c\000e\000\040\000d\000e\000\040\000t\000a\000b\000l\000a\000s}{}% 2
\BOOKMARK [0][-]{chapter*.5}{\376\377\000G\000l\000o\000s\000a\000r\000i\000o\000\040\000d\000e\000\040\000t\000\351\000r\000m\000i\000n\000o\000s}{}% 3
\BOOKMARK [0][-]{chapter*.6}{\376\377\000I\000n\000t\000r\000o\000d\000u\000c\000c\000i\000\363\000n}{}% 4
\BOOKMARK [0][-]{chapter.1}{\376\377\000E\000s\000t\000u\000d\000i\000o\000\040\000d\000e\000l\000\040\000p\000r\000o\000b\000l\000e\000m\000a}{}% 5
\BOOKMARK [1][-]{section.1.1}{\376\377\000E\000l\000\040\000c\000o\000n\000t\000e\000x\000t\000o\000\040\000d\000e\000l\000\040\000p\000r\000o\000b\000l\000e\000m\000a}{chapter.1}% 6
\BOOKMARK [1][-]{section.1.2}{\376\377\000E\000l\000\040\000e\000s\000t\000a\000d\000o\000\040\000d\000e\000\040\000l\000a\000\040\000c\000u\000e\000s\000t\000i\000\363\000n}{chapter.1}% 7
\BOOKMARK [1][-]{section.1.3}{\376\377\000L\000a\000\040\000d\000e\000f\000i\000n\000i\000c\000i\000\363\000n\000\040\000d\000e\000l\000\040\000p\000r\000o\000b\000l\000e\000m\000a}{chapter.1}% 8
\BOOKMARK [0][-]{chapter.2}{\376\377\000G\000e\000s\000t\000i\000\363\000n\000\040\000d\000e\000\040\000p\000r\000o\000y\000e\000c\000t\000o\000\040\000s\000o\000f\000t\000w\000a\000r\000e}{}% 9
\BOOKMARK [1][-]{section.2.1}{\376\377\000A\000l\000c\000a\000n\000c\000e\000\040\000d\000e\000l\000\040\000p\000r\000o\000y\000e\000c\000t\000o}{chapter.2}% 10
\BOOKMARK [2][-]{subsection.2.1.1}{\376\377\000D\000e\000f\000i\000n\000i\000c\000i\000\363\000n\000\040\000d\000e\000l\000\040\000p\000r\000o\000y\000e\000c\000t\000o}{section.2.1}% 11
\BOOKMARK [2][-]{subsection.2.1.2}{\376\377\000E\000s\000t\000i\000m\000a\000c\000i\000\363\000n\000\040\000d\000e\000\040\000t\000a\000r\000e\000a\000s\000\040\000y\000\040\000r\000e\000c\000u\000r\000s\000o\000s}{section.2.1}% 12
\BOOKMARK [2][-]{subsection.2.1.3}{\376\377\000P\000r\000e\000s\000u\000p\000u\000e\000s\000t\000o}{section.2.1}% 13
\BOOKMARK [1][-]{section.2.2}{\376\377\000P\000l\000a\000n\000\040\000d\000e\000\040\000t\000r\000a\000b\000a\000j\000o}{chapter.2}% 14
\BOOKMARK [2][-]{subsection.2.2.1}{\376\377\000I\000d\000e\000n\000t\000i\000f\000i\000c\000a\000c\000i\000\363\000n\000\040\000d\000e\000\040\000t\000a\000r\000e\000a\000s}{section.2.2}% 15
\BOOKMARK [2][-]{subsection.2.2.2}{\376\377\000E\000s\000t\000i\000m\000a\000c\000i\000\363\000n\000\040\000d\000e\000\040\000t\000a\000r\000e\000a\000s}{section.2.2}% 16
\BOOKMARK [1][-]{section.2.3}{\376\377\000G\000e\000s\000t\000i\000\363\000n\000\040\000d\000e\000\040\000r\000e\000c\000u\000r\000s\000o\000s}{chapter.2}% 17
\BOOKMARK [2][-]{subsection.2.3.1}{\376\377\000A\000s\000i\000g\000n\000a\000c\000i\000\363\000n\000\040\000d\000e\000\040\000r\000e\000c\000u\000r\000s\000o\000s}{section.2.3}% 18
\BOOKMARK [1][-]{section.2.4}{\376\377\000G\000e\000s\000t\000i\000\363\000n\000\040\000d\000e\000\040\000r\000i\000e\000s\000g\000o\000s}{chapter.2}% 19
\BOOKMARK [2][-]{subsection.2.4.1}{\376\377\000I\000d\000e\000n\000t\000i\000f\000i\000c\000a\000c\000i\000\363\000n\000\040\000d\000e\000\040\000r\000i\000e\000s\000g\000o\000s}{section.2.4}% 20
\BOOKMARK [1][-]{section.2.5}{\376\377\000L\000e\000g\000i\000s\000l\000a\000c\000i\000\363\000n\000\040\000y\000\040\000n\000o\000r\000m\000a\000t\000i\000v\000a}{chapter.2}% 21
\BOOKMARK [0][-]{chapter.3}{\376\377\000S\000o\000l\000u\000c\000i\000\363\000n}{}% 22
\BOOKMARK [1][-]{section.3.1}{\376\377\000D\000e\000s\000c\000r\000i\000p\000c\000i\000\363\000n\000\040\000d\000e\000\040\000l\000a\000\040\000s\000o\000l\000u\000c\000i\000\363\000n}{chapter.3}% 23
\BOOKMARK [1][-]{section.3.2}{\376\377\000E\000l\000\040\000p\000r\000o\000c\000e\000s\000o\000\040\000d\000e\000\040\000d\000e\000s\000a\000r\000r\000o\000l\000l\000o}{chapter.3}% 24
\BOOKMARK [2][-]{subsection.3.2.1}{\376\377\000A\000n\000\341\000l\000i\000s\000i\000s}{section.3.2}% 25
\BOOKMARK [2][-]{subsection.3.2.2}{\376\377\000D\000i\000s\000e\000\361\000o}{section.3.2}% 26
\BOOKMARK [2][-]{subsection.3.2.3}{\376\377\000I\000m\000p\000l\000e\000m\000e\000n\000t\000a\000c\000i\000\363\000n}{section.3.2}% 27
\BOOKMARK [2][-]{subsection.3.2.4}{\376\377\000P\000r\000u\000e\000b\000a\000s}{section.3.2}% 28
\BOOKMARK [1][-]{section.3.3}{\376\377\000E\000l\000\040\000p\000r\000o\000d\000u\000c\000t\000o\000\040\000d\000e\000l\000\040\000d\000e\000s\000a\000r\000r\000o\000l\000l\000o}{chapter.3}% 29
\BOOKMARK [0][-]{chapter.4}{\376\377\000E\000v\000a\000l\000u\000a\000c\000i\000\363\000n}{}% 30
\BOOKMARK [1][-]{section.4.1}{\376\377\000P\000r\000o\000c\000e\000s\000o\000\040\000d\000e\000\040\000e\000v\000a\000l\000u\000a\000c\000i\000\363\000n}{chapter.4}% 31
\BOOKMARK [1][-]{section.4.2}{\376\377\000A\000n\000\341\000l\000i\000s\000i\000s\000\040\000d\000e\000\040\000r\000e\000s\000u\000l\000t\000a\000d\000o\000s}{chapter.4}% 32
\BOOKMARK [0][-]{chapter*.18}{\376\377\000C\000o\000n\000c\000l\000u\000s\000i\000\363\000n}{}% 33
\BOOKMARK [0][-]{chapter*.24}{\376\377\000L\000i\000s\000t\000a\000\040\000d\000e\000\040\000r\000e\000f\000e\000r\000e\000n\000c\000i\000a\000s}{}% 34
\BOOKMARK [0][-]{appendix.Alph1}{\376\377\000C\000o\000n\000t\000r\000o\000l\000\040\000d\000e\000\040\000v\000e\000r\000s\000i\000o\000n\000e\000s}{}% 35
\BOOKMARK [0][-]{appendix.Alph2}{\376\377\000S\000e\000g\000u\000i\000m\000i\000e\000n\000t\000o\000\040\000d\000e\000\040\000p\000r\000o\000y\000e\000c\000t\000o\000\040\000f\000i\000n\000\040\000d\000e\000\040\000m\000\341\000s\000t\000e\000r}{}% 36
\BOOKMARK [1][-]{section.Alph2.1}{\376\377\000F\000o\000r\000m\000a\000\040\000d\000e\000\040\000s\000e\000g\000u\000i\000m\000i\000e\000n\000t\000o}{appendix.Alph2}% 37
\BOOKMARK [1][-]{section.Alph2.2}{\376\377\000P\000l\000a\000n\000i\000f\000i\000c\000a\000c\000i\000\363\000n\000\040\000i\000n\000i\000c\000i\000a\000l}{appendix.Alph2}% 38
\BOOKMARK [1][-]{section.Alph2.3}{\376\377\000P\000l\000a\000n\000i\000f\000i\000c\000a\000c\000i\000\363\000n\000\040\000f\000i\000n\000a\000l}{appendix.Alph2}% 39
